2015-07-30 15:36:33.986 talproject[4362:114683] Apache Cordova native platform version 3.8.0 is starting.
2015-07-30 15:36:33.987 talproject[4362:114683] Multi-tasking -> Device: YES, App: YES
2015-07-30 15:36:33.989 talproject[4362:114683] Unlimited access to network resources
2015-07-30 15:36:34.043 talproject[4362:114683] [CDVTimer][keyboard] 0.039995ms
2015-07-30 15:36:34.053 talproject[4362:114683] [CDVTimer][splashscreen] 9.817004ms
2015-07-30 15:36:34.053 talproject[4362:114683] [CDVTimer][TotalPluginStartup] 10.314047ms
2015-07-30 15:36:34.137 talproject[4362:114683] Resetting plugins due to page load.
2015-07-30 15:36:34.250 talproject[4362:114683] Finished load of: file:///Users/alexandreattia/Library/Developer/CoreSimulator/Devices/7D3271DB-085D-4993-8018-A5A10D176FF8/data/Containers/Bundle/Application/D252941E-AE8C-4C7B-8A35-ED8A80F59DA7/talproject.app/www/index.html#/tab/dash
2015-07-30 15:36:41.765 talproject[4362:114702] *** -[AVAssetResourceLoadingRequest finishLoading] was sent to an instance of AVAssetResourceLoadingRequest that was already finished. Ignoring.
2015-07-30 15:42:47.646 talproject[4362:117506] Terminating since there is no system app.
2015-07-30 16:18:44.005 talproject[5350:134284] Apache Cordova native platform version 3.8.0 is starting.
2015-07-30 16:18:44.006 talproject[5350:134284] Multi-tasking -> Device: YES, App: YES
2015-07-30 16:18:44.007 talproject[5350:134284] Unlimited access to network resources
2015-07-30 16:18:44.063 talproject[5350:134284] [CDVTimer][keyboard] 0.038981ms
2015-07-30 16:18:44.073 talproject[5350:134284] [CDVTimer][splashscreen] 9.680986ms
2015-07-30 16:18:44.073 talproject[5350:134284] [CDVTimer][TotalPluginStartup] 9.941041ms
2015-07-30 16:18:44.132 talproject[5350:134284] Resetting plugins due to page load.
2015-07-30 16:18:44.245 talproject[5350:134284] Finished load of: file:///Users/alexandreattia/Library/Developer/CoreSimulator/Devices/7D3271DB-085D-4993-8018-A5A10D176FF8/data/Containers/Bundle/Application/DB781D04-285F-4B9B-B5A0-F702AE781260/talproject.app/www/index.html#/tab/dash
2015-07-30 16:23:25.607 talproject[5668:137585] Apache Cordova native platform version 3.8.0 is starting.
2015-07-30 16:23:25.608 talproject[5668:137585] Multi-tasking -> Device: YES, App: YES
2015-07-30 16:23:25.609 talproject[5668:137585] Unlimited access to network resources
2015-07-30 16:23:25.664 talproject[5668:137585] [CDVTimer][keyboard] 0.047982ms
2015-07-30 16:23:25.675 talproject[5668:137585] [CDVTimer][splashscreen] 9.994984ms
2015-07-30 16:23:25.675 talproject[5668:137585] [CDVTimer][TotalPluginStartup] 10.352015ms
2015-07-30 16:23:25.732 talproject[5668:137585] Resetting plugins due to page load.
2015-07-30 16:23:25.846 talproject[5668:137585] Finished load of: file:///Users/alexandreattia/Library/Developer/CoreSimulator/Devices/7D3271DB-085D-4993-8018-A5A10D176FF8/data/Containers/Bundle/Application/3B88F2EC-3AF3-4C03-90CF-8E4C29F894B6/talproject.app/www/index.html#/tab/dash
